0 info it worked if it ends with ok
1 verbose cli [ '/usr/bin/nodejs',
1 verbose cli   '/usr/bin/npm',
1 verbose cli   'install',
1 verbose cli   'webpack',
1 verbose cli   '--save-dev' ]
2 info using npm@3.5.2
3 info using node@v4.2.6
4 silly loadCurrentTree Starting
5 silly install loadCurrentTree
6 silly install readLocalPackageData
7 silly fetchPackageMetaData webpack
8 silly fetchNamedPackageData webpack
9 silly mapToRegistry name webpack
10 silly mapToRegistry using default registry
11 silly mapToRegistry registry https://registry.npm.taobao.org/
12 silly mapToRegistry uri https://registry.npm.taobao.org/webpack
13 verbose request uri https://registry.npm.taobao.org/webpack
14 verbose request no auth needed
15 info attempt registry request try #1 at 上午11:14:09
16 verbose request id da6fd991ecabc7fa
17 verbose etag "e5efc-PN8twBACZ+iVyd2ICgioww"
18 http request GET https://registry.npm.taobao.org/webpack
19 http 200 https://registry.npm.taobao.org/webpack
20 verbose headers { date: 'Sun, 09 Oct 2016 03:14:10 GMT',
20 verbose headers   'content-type': 'application/json; charset=utf-8',
20 verbose headers   'content-length': '941941',
20 verbose headers   connection: 'keep-alive',
20 verbose headers   'x-current-requests': '1',
20 verbose headers   etag: '"e5f75-O+AGrsjmpG7mIFZRt2Wb2g"',
20 verbose headers   'x-readtime': '256' }
21 silly get cb [ 200,
21 silly get   { date: 'Sun, 09 Oct 2016 03:14:10 GMT',
21 silly get     'content-type': 'application/json; charset=utf-8',
21 silly get     'content-length': '941941',
21 silly get     connection: 'keep-alive',
21 silly get     'x-current-requests': '1',
21 silly get     etag: '"e5f75-O+AGrsjmpG7mIFZRt2Wb2g"',
21 silly get     'x-readtime': '256' } ]
22 verbose get saving webpack to /home/pluto/.npm/registry.npm.taobao.org/webpack/.cache.json
23 silly install normalizeTree
24 silly loadCurrentTree Finishing
25 silly loadIdealTree Starting
26 silly install loadIdealTree
27 silly cloneCurrentTree Starting
28 silly install cloneCurrentTreeToIdealTree
29 silly cloneCurrentTree Finishing
30 silly loadShrinkwrap Starting
31 silly install loadShrinkwrap
32 silly loadShrinkwrap Finishing
33 silly loadAllDepsIntoIdealTree Starting
34 silly install loadAllDepsIntoIdealTree
35 silly rollbackFailedOptional Starting
36 silly rollbackFailedOptional Finishing
37 silly runTopLevelLifecycles Starting
38 silly runTopLevelLifecycles Finishing
39 silly install printInstalled
40 verbose stack Error: Refusing to install webpack as a dependency of itself
40 verbose stack     at checkSelf (/usr/share/npm/lib/install/validate-args.js:40:14)
40 verbose stack     at Array.<anonymous> (/usr/share/npm/node_modules/slide/lib/bind-actor.js:15:8)
40 verbose stack     at LOOP (/usr/share/npm/node_modules/slide/lib/chain.js:15:14)
40 verbose stack     at chain (/usr/share/npm/node_modules/slide/lib/chain.js:20:5)
40 verbose stack     at /usr/share/npm/lib/install/validate-args.js:15:5
40 verbose stack     at /usr/share/npm/node_modules/slide/lib/async-map.js:52:35
40 verbose stack     at Array.forEach (native)
40 verbose stack     at /usr/share/npm/node_modules/slide/lib/async-map.js:52:11
40 verbose stack     at Array.forEach (native)
40 verbose stack     at asyncMap (/usr/share/npm/node_modules/slide/lib/async-map.js:51:8)
41 verbose cwd /home/pluto/appproject/webpack
42 error Linux 4.4.0-38-generic
43 error argv "/usr/bin/nodejs" "/usr/bin/npm" "install" "webpack" "--save-dev"
44 error node v4.2.6
45 error npm  v3.5.2
46 error code ENOSELF
47 error Refusing to install webpack as a dependency of itself
48 error If you need help, you may report this error at:
48 error     <https://github.com/npm/npm/issues>
49 verbose exit [ 1, true ]
